This is XeTeX, Version 3.14159265-2.6-0.999991 (TeX Live 2019/W32TeX) (preloaded format=xelatex 2019.6.11)  29 JUN 2019 15:25
entering extended mode
 restricted \write18 enabled.
 %&-line parsing enabled.
**_main.tex
(./_main.tex
LaTeX2e <2018-12-01>
(c:/Users/Henry/AppData/Roaming/TinyTeX/texmf-dist/tex/latex/base/book.cls
Document Class: book 2018/09/03 v1.4i Standard LaTeX document class
(c:/Users/Henry/AppData/Roaming/TinyTeX/texmf-dist/tex/latex/base/bk10.clo
File: bk10.clo 2018/09/03 v1.4i Standard LaTeX file (size option)
)
\c@part=\count80
\c@chapter=\count81
\c@section=\count82
\c@subsection=\count83
\c@subsubsection=\count84
\c@paragraph=\count85
\c@subparagraph=\count86
\c@figure=\count87
\c@table=\count88
\abovecaptionskip=\skip41
\belowcaptionskip=\skip42
\bibindent=\dimen102
) (c:/Users/Henry/AppData/Roaming/TinyTeX/texmf-dist/tex/latex/lm/lmodern.sty
Package: lmodern 2009/10/30 v1.6 Latin Modern Fonts
LaTeX Font Info:    Overwriting symbol font `operators' in version `normal'
(Font)                  OT1/cmr/m/n --> OT1/lmr/m/n on input line 22.
LaTeX Font Info:    Overwriting symbol font `letters' in version `normal'
(Font)                  OML/cmm/m/it --> OML/lmm/m/it on input line 23.
LaTeX Font Info:    Overwriting symbol font `symbols' in version `normal'
(Font)                  OMS/cmsy/m/n --> OMS/lmsy/m/n on input line 24.
LaTeX Font Info:    Overwriting symbol font `largesymbols' in version `normal'
(Font)                  OMX/cmex/m/n --> OMX/lmex/m/n on input line 25.
LaTeX Font Info:    Overwriting symbol font `operators' in version `bold'
(Font)                  OT1/cmr/bx/n --> OT1/lmr/bx/n on input line 26.
LaTeX Font Info:    Overwriting symbol font `letters' in version `bold'
(Font)                  OML/cmm/b/it --> OML/lmm/b/it on input line 27.
LaTeX Font Info:    Overwriting symbol font `symbols' in version `bold'
(Font)                  OMS/cmsy/b/n --> OMS/lmsy/b/n on input line 28.
LaTeX Font Info:    Overwriting symbol font `largesymbols' in version `bold'
(Font)                  OMX/cmex/m/n --> OMX/lmex/m/n on input line 29.
LaTeX Font Info:    Overwriting math alphabet `\mathbf' in version `normal'
(Font)                  OT1/cmr/bx/n --> OT1/lmr/bx/n on input line 31.
LaTeX Font Info:    Overwriting math alphabet `\mathsf' in version `normal'
(Font)                  OT1/cmss/m/n --> OT1/lmss/m/n on input line 32.
LaTeX Font Info:    Overwriting math alphabet `\mathit' in version `normal'
(Font)                  OT1/cmr/m/it --> OT1/lmr/m/it on input line 33.
LaTeX Font Info:    Overwriting math alphabet `\mathtt' in version `normal'
(Font)                  OT1/cmtt/m/n --> OT1/lmtt/m/n on input line 34.
LaTeX Font Info:    Overwriting math alphabet `\mathbf' in version `bold'
(Font)                  OT1/cmr/bx/n --> OT1/lmr/bx/n on input line 35.
LaTeX Font Info:    Overwriting math alphabet `\mathsf' in version `bold'
(Font)                  OT1/cmss/bx/n --> OT1/lmss/bx/n on input line 36.
LaTeX Font Info:    Overwriting math alphabet `\mathit' in version `bold'
(Font)                  OT1/cmr/bx/it --> OT1/lmr/bx/it on input line 37.
LaTeX Font Info:    Overwriting math alphabet `\mathtt' in version `bold'
(Font)                  OT1/cmtt/m/n --> OT1/lmtt/m/n on input line 38.
)
(c:/Users/Henry/AppData/Roaming/TinyTeX/texmf-dist/tex/latex/amsfonts/amssymb.s
ty
Package: amssymb 2013/01/14 v3.01 AMS font symbols

(c:/Users/Henry/AppData/Roaming/TinyTeX/texmf-dist/tex/latex/amsfonts/amsfonts.
sty
Package: amsfonts 2013/01/14 v3.01 Basic AMSFonts support
\@emptytoks=\toks14
\symAMSa=\mathgroup4
\symAMSb=\mathgroup5
LaTeX Font Info:    Overwriting math alphabet `\mathfrak' in version `bold'
(Font)                  U/euf/m/n --> U/euf/b/n on input line 106.
))
(c:/Users/Henry/AppData/Roaming/TinyTeX/texmf-dist/tex/latex/amsmath/amsmath.st
y
Package: amsmath 2018/12/01 v2.17b AMS math features
\@mathmargin=\skip43
For additional information on amsmath, use the `?' option.

(c:/Users/Henry/AppData/Roaming/TinyTeX/texmf-dist/tex/latex/amsmath/amstext.st
y
Package: amstext 2000/06/29 v2.01 AMS text

(c:/Users/Henry/AppData/Roaming/TinyTeX/texmf-dist/tex/latex/amsmath/amsgen.sty
File: amsgen.sty 1999/11/30 v2.0 generic functions
\@emptytoks=\toks15
\ex@=\dimen103
))
(c:/Users/Henry/AppData/Roaming/TinyTeX/texmf-dist/tex/latex/amsmath/amsbsy.sty
Package: amsbsy 1999/11/29 v1.2d Bold Symbols
\pmbraise@=\dimen104
)
(c:/Users/Henry/AppData/Roaming/TinyTeX/texmf-dist/tex/latex/amsmath/amsopn.sty
Package: amsopn 2016/03/08 v2.02 operator names
)
\inf@bad=\count89
LaTeX Info: Redefining \frac on input line 223.
\uproot@=\count90
\leftroot@=\count91
LaTeX Info: Redefining \overline on input line 385.
\classnum@=\count92
\DOTSCASE@=\count93
LaTeX Info: Redefining \ldots on input line 482.
LaTeX Info: Redefining \dots on input line 485.
LaTeX Info: Redefining \cdots on input line 606.
\Mathstrutbox@=\box27
\strutbox@=\box28
\big@size=\dimen105
LaTeX Font Info:    Redeclaring font encoding OML on input line 729.
LaTeX Font Info:    Redeclaring font encoding OMS on input line 730.
\macc@depth=\count94
\c@MaxMatrixCols=\count95
\dotsspace@=\muskip10
\c@parentequation=\count96
\dspbrk@lvl=\count97
\tag@help=\toks16
\row@=\count98
\column@=\count99
\maxfields@=\count100
\andhelp@=\toks17
\eqnshift@=\dimen106
\alignsep@=\dimen107
\tagshift@=\dimen108
\tagwidth@=\dimen109
\totwidth@=\dimen110
\lineht@=\dimen111
\@envbody=\toks18
\multlinegap=\skip44
\multlinetaggap=\skip45
\mathdisplay@stack=\toks19
LaTeX Info: Redefining \[ on input line 2844.
LaTeX Info: Redefining \] on input line 2845.
)
(c:/Users/Henry/AppData/Roaming/TinyTeX/texmf-dist/tex/generic/ifxetex/ifxetex.
sty
Package: ifxetex 2010/09/12 v0.6 Provides ifxetex conditional
)
(c:/Users/Henry/AppData/Roaming/TinyTeX/texmf-dist/tex/generic/oberdiek/ifluate
x.sty
Package: ifluatex 2016/05/16 v1.4 Provides the ifluatex switch (HO)
Package ifluatex Info: LuaTeX not detected.
) (c:/Users/Henry/AppData/Roaming/TinyTeX/texmf-dist/tex/latex/base/fixltx2e.st
y
Package: fixltx2e 2016/12/29 v2.1a fixes to LaTeX (obsolete)
Applying: [2015/01/01] Old fixltx2e package on input line 46.

Package fixltx2e Warning: fixltx2e is not required with releases after 2015
(fixltx2e)                All fixes are now in the LaTeX kernel.
(fixltx2e)                See the latexrelease package for details.

Already applied: [0000/00/00] Old fixltx2e package on input line 53.
)
(c:/Users/Henry/AppData/Roaming/TinyTeX/texmf-dist/tex/xelatex/mathspec/mathspe
c.sty
Package: mathspec 2016/12/22 v0.2b LaTeX Package (Mathematics font selection fo
r XeLaTeX)

(c:/Users/Henry/AppData/Roaming/TinyTeX/texmf-dist/tex/latex/etoolbox/etoolbox.
sty
Package: etoolbox 2018/08/19 v2.5f e-TeX tools for LaTeX (JAW)
\etb@tempcnta=\count101
)
(c:/Users/Henry/AppData/Roaming/TinyTeX/texmf-dist/tex/latex/fontspec/fontspec.
sty
(c:/Users/Henry/AppData/Roaming/TinyTeX/texmf-dist/tex/latex/l3packages/xparse/
xparse.sty
(c:/Users/Henry/AppData/Roaming/TinyTeX/texmf-dist/tex/latex/l3kernel/expl3.sty
Package: expl3 2019-05-28 L3 programming layer (loader) 

(c:/Users/Henry/AppData/Roaming/TinyTeX/texmf-dist/tex/latex/l3kernel/expl3-cod
e.tex
Package: expl3 2019-05-28 L3 programming layer (code)
\c_max_int=\count102
\l_tmpa_int=\count103
\l_tmpb_int=\count104
\g_tmpa_int=\count105
\g_tmpb_int=\count106
\g__kernel_prg_map_int=\count107
\c__ior_term_ior=\count108
\c_log_iow=\count109
\l_iow_line_count_int=\count110
\l__iow_line_target_int=\count111
\l__iow_one_indent_int=\count112
\l__iow_indent_int=\count113
\c_zero_dim=\dimen112
\c_max_dim=\dimen113
\l_tmpa_dim=\dimen114
\l_tmpb_dim=\dimen115
\g_tmpa_dim=\dimen116
\g_tmpb_dim=\dimen117
\c_zero_skip=\skip46
\c_max_skip=\skip47
\l_tmpa_skip=\skip48
\l_tmpb_skip=\skip49
\g_tmpa_skip=\skip50
\g_tmpb_skip=\skip51
\c_zero_muskip=\muskip11
\c_max_muskip=\muskip12
\l_tmpa_muskip=\muskip13
\l_tmpb_muskip=\muskip14
\g_tmpa_muskip=\muskip15
\g_tmpb_muskip=\muskip16
\l_keys_choice_int=\count114
\l__intarray_loop_int=\count115
\c__intarray_sp_dim=\dimen118
\g__intarray_font_int=\count116
\c__fp_leading_shift_int=\count117
\c__fp_middle_shift_int=\count118
\c__fp_trailing_shift_int=\count119
\c__fp_big_leading_shift_int=\count120
\c__fp_big_middle_shift_int=\count121
\c__fp_big_trailing_shift_int=\count122
\c__fp_Bigg_leading_shift_int=\count123
\c__fp_Bigg_middle_shift_int=\count124
\c__fp_Bigg_trailing_shift_int=\count125
\g__fp_array_int=\count126
\l__fp_array_loop_int=\count127
\l__sort_length_int=\count128
\l__sort_min_int=\count129
\l__sort_top_int=\count130
\l__sort_max_int=\count131
\l__sort_true_max_int=\count132
\l__sort_block_int=\count133
\l__sort_begin_int=\count134
\l__sort_end_int=\count135
\l__sort_A_int=\count136
\l__sort_B_int=\count137
\l__sort_C_int=\count138
\l__tl_analysis_normal_int=\count139
\l__tl_analysis_index_int=\count140
\l__tl_analysis_nesting_int=\count141
\l__tl_analysis_type_int=\count142
\l__regex_internal_a_int=\count143
\l__regex_internal_b_int=\count144
\l__regex_internal_c_int=\count145
\l__regex_balance_int=\count146
\l__regex_group_level_int=\count147
\l__regex_mode_int=\count148
\c__regex_cs_in_class_mode_int=\count149
\c__regex_cs_mode_int=\count150
\l__regex_catcodes_int=\count151
\l__regex_default_catcodes_int=\count152
\c__regex_catcode_L_int=\count153
\c__regex_catcode_O_int=\count154
\c__regex_catcode_A_int=\count155
\c__regex_all_catcodes_int=\count156
\l__regex_show_lines_int=\count157
\l__regex_min_state_int=\count158
\l__regex_max_state_int=\count159
\l__regex_left_state_int=\count160
\l__regex_right_state_int=\count161
\l__regex_capturing_group_int=\count162
\l__regex_min_pos_int=\count163
\l__regex_max_pos_int=\count164
\l__regex_curr_pos_int=\count165
\l__regex_start_pos_int=\count166
\l__regex_success_pos_int=\count167
\l__regex_curr_char_int=\count168
\l__regex_curr_catcode_int=\count169
\l__regex_last_char_int=\count170
\l__regex_case_changed_char_int=\count171
\l__regex_curr_state_int=\count172
\l__regex_step_int=\count173
\l__regex_min_active_int=\count174
\l__regex_max_active_int=\count175
\l__regex_replacement_csnames_int=\count176
\l__regex_match_count_int=\count177
\l__regex_min_submatch_int=\count178
\l__regex_submatch_int=\count179
\l__regex_zeroth_submatch_int=\count180
\g__regex_trace_regex_int=\count181
\c_empty_box=\box29
\l_tmpa_box=\box30
\l_tmpb_box=\box31
\g_tmpa_box=\box32
\g_tmpb_box=\box33
\l__box_top_dim=\dimen119
\l__box_bottom_dim=\dimen120
\l__box_left_dim=\dimen121
\l__box_right_dim=\dimen122
\l__box_top_new_dim=\dimen123
\l__box_bottom_new_dim=\dimen124
\l__box_left_new_dim=\dimen125
\l__box_right_new_dim=\dimen126
\l__box_internal_box=\box34
\l__coffin_internal_box=\box35
\l__coffin_internal_dim=\dimen127
\l__coffin_offset_x_dim=\dimen128
\l__coffin_offset_y_dim=\dimen129
\l__coffin_x_dim=\dimen130
\l__coffin_y_dim=\dimen131
\l__coffin_x_prime_dim=\dimen132
\l__coffin_y_prime_dim=\dimen133
\c_empty_coffin=\box36
\l__coffin_aligned_coffin=\box37
\l__coffin_aligned_internal_coffin=\box38
\l_tmpa_coffin=\box39
\l_tmpb_coffin=\box40
\g_tmpa_coffin=\box41
\g_tmpb_coffin=\box42
\l__coffin_bounding_shift_dim=\dimen134
\l__coffin_left_corner_dim=\dimen135
\l__coffin_right_corner_dim=\dimen136
\l__coffin_bottom_corner_dim=\dimen137
\l__coffin_top_corner_dim=\dimen138
\l__coffin_scaled_total_height_dim=\dimen139
\l__coffin_scaled_width_dim=\dimen140
\c__coffin_empty_coffin=\box43
\l__coffin_display_coffin=\box44
\l__coffin_display_coord_coffin=\box45
\l__coffin_display_pole_coffin=\box46
\l__coffin_display_offset_dim=\dimen141
\l__coffin_display_x_dim=\dimen142
\l__coffin_display_y_dim=\dimen143
\g__file_internal_ior=\read1
\l__seq_internal_a_int=\count182
\l__seq_internal_b_int=\count183
\c__deprecation_minus_one=\count184
)
(c:/Users/Henry/AppData/Roaming/TinyTeX/texmf-dist/tex/latex/l3kernel/l3xdvipdf
mx.def
File: l3xdvipdfmx.def 2019-04-06 v L3 Experimental driver: xdvipdfmx
\l__driver_internal_box=\box47
\g__driver_graphics_int=\count185
\g__driver_pdf_object_int=\count186
\g__driver_pdf_annotation_int=\count187
))
Package: xparse 2019-05-28 L3 Experimental document command parser
\l__xparse_current_arg_int=\count188
\g__xparse_grabber_int=\count189
\l__xparse_m_args_int=\count190
\l__xparse_v_nesting_int=\count191
)
Package: fontspec 2019/03/15 v2.7c Font selection for XeLaTeX and LuaLaTeX

(c:/Users/Henry/AppData/Roaming/TinyTeX/texmf-dist/tex/latex/fontspec/fontspec-
xetex.sty
Package: fontspec-xetex 2019/03/15 v2.7c Font selection for XeLaTeX and LuaLaTe
X
\l__fontspec_script_int=\count192
\l__fontspec_language_int=\count193
\l__fontspec_strnum_int=\count194
\l__fontspec_tmp_int=\count195
\l__fontspec_tmpa_int=\count196
\l__fontspec_tmpb_int=\count197
\l__fontspec_tmpc_int=\count198
\l__fontspec_em_int=\count199
\l__fontspec_emdef_int=\count266
\l__fontspec_strong_int=\count267
\l__fontspec_strongdef_int=\count268
\l__fontspec_tmpa_dim=\dimen144
\l__fontspec_tmpb_dim=\dimen145
\l__fontspec_tmpc_dim=\dimen146
(c:/Users/Henry/AppData/Roaming/TinyTeX/texmf-dist/tex/latex/base/fontenc.sty
Package: fontenc 2018/08/11 v2.0j Standard LaTeX package
(c:/Users/Henry/AppData/Roaming/TinyTeX/texmf-dist/tex/latex/base/tuenc.def
File: tuenc.def 2018/08/11 v2.0j Standard LaTeX file
LaTeX Font Info:    Redeclaring font encoding TU on input line 82.
))
(c:/Users/Henry/AppData/Roaming/TinyTeX/texmf-dist/tex/latex/fontspec/fontspec.
cfg)
LaTeX Info: Redefining \itshape on input line 4051.
LaTeX Info: Redefining \slshape on input line 4056.
LaTeX Info: Redefining \scshape on input line 4061.
LaTeX Info: Redefining \upshape on input line 4066.
LaTeX Info: Redefining \em on input line 4096.
LaTeX Info: Redefining \emph on input line 4121.
))
(c:/Users/Henry/AppData/Roaming/TinyTeX/texmf-dist/tex/latex/xkeyval/xkeyval.st
y
Package: xkeyval 2014/12/03 v2.7a package option processing (HA)

(c:/Users/Henry/AppData/Roaming/TinyTeX/texmf-dist/tex/generic/xkeyval/xkeyval.
tex
(c:/Users/Henry/AppData/Roaming/TinyTeX/texmf-dist/tex/generic/xkeyval/xkvutils
.tex
\XKV@toks=\toks20
\XKV@tempa@toks=\toks21

(c:/Users/Henry/AppData/Roaming/TinyTeX/texmf-dist/tex/generic/xkeyval/keyval.t
ex))
\XKV@depth=\count269
File: xkeyval.tex 2014/12/03 v2.7a key=value parser (HA)
))
\c@eu@=\count270
\c@eu@i=\count271
\c@mkern=\count272
)
(c:/Users/Henry/AppData/Roaming/TinyTeX/texmf-dist/tex/latex/upquote/upquote.st
y
Package: upquote 2012/04/19 v1.3 upright-quote and grave-accent glyphs in verba
tim
(c:/Users/Henry/AppData/Roaming/TinyTeX/texmf-dist/tex/latex/base/textcomp.sty
Package: textcomp 2018/08/11 v2.0j Standard LaTeX package
Package textcomp Info: Sub-encoding information:
(textcomp)               5 = only ISO-Adobe without \textcurrency
(textcomp)               4 = 5 + \texteuro
(textcomp)               3 = 4 + \textohm
(textcomp)               2 = 3 + \textestimated + \textcurrency
(textcomp)               1 = TS1 - \textcircled - \t
(textcomp)               0 = TS1 (full)
(textcomp)             Font families with sub-encoding setting implement
(textcomp)             only a restricted character set as indicated.
(textcomp)             Family '?' is the default used for unknown fonts.
(textcomp)             See the documentation for details.
Package textcomp Info: Setting ? sub-encoding to TS1/1 on input line 79.
(c:/Users/Henry/AppData/Roaming/TinyTeX/texmf-dist/tex/latex/base/ts1enc.def
File: ts1enc.def 2001/06/05 v3.0e (jk/car/fm) Standard LaTeX file
)
LaTeX Info: Redefining \oldstylenums on input line 334.
Package textcomp Info: Setting cmr sub-encoding to TS1/0 on input line 349.
Package textcomp Info: Setting cmss sub-encoding to TS1/0 on input line 350.
Package textcomp Info: Setting cmtt sub-encoding to TS1/0 on input line 351.
Package textcomp Info: Setting cmvtt sub-encoding to TS1/0 on input line 352.
Package textcomp Info: Setting cmbr sub-encoding to TS1/0 on input line 353.
Package textcomp Info: Setting cmtl sub-encoding to TS1/0 on input line 354.
Package textcomp Info: Setting ccr sub-encoding to TS1/0 on input line 355.
Package textcomp Info: Setting ptm sub-encoding to TS1/4 on input line 356.
Package textcomp Info: Setting pcr sub-encoding to TS1/4 on input line 357.
Package textcomp Info: Setting phv sub-encoding to TS1/4 on input line 358.
Package textcomp Info: Setting ppl sub-encoding to TS1/3 on input line 359.
Package textcomp Info: Setting pag sub-encoding to TS1/4 on input line 360.
Package textcomp Info: Setting pbk sub-encoding to TS1/4 on input line 361.
Package textcomp Info: Setting pnc sub-encoding to TS1/4 on input line 362.
Package textcomp Info: Setting pzc sub-encoding to TS1/4 on input line 363.
Package textcomp Info: Setting bch sub-encoding to TS1/4 on input line 364.
Package textcomp Info: Setting put sub-encoding to TS1/5 on input line 365.
Package textcomp Info: Setting uag sub-encoding to TS1/5 on input line 366.
Package textcomp Info: Setting ugq sub-encoding to TS1/5 on input line 367.
Package textcomp Info: Setting ul8 sub-encoding to TS1/4 on input line 368.
Package textcomp Info: Setting ul9 sub-encoding to TS1/4 on input line 369.
Package textcomp Info: Setting augie sub-encoding to TS1/5 on input line 370.
Package textcomp Info: Setting dayrom sub-encoding to TS1/3 on input line 371.
Package textcomp Info: Setting dayroms sub-encoding to TS1/3 on input line 372.

Package textcomp Info: Setting pxr sub-encoding to TS1/0 on input line 373.
Package textcomp Info: Setting pxss sub-encoding to TS1/0 on input line 374.
Package textcomp Info: Setting pxtt sub-encoding to TS1/0 on input line 375.
Package textcomp Info: Setting txr sub-encoding to TS1/0 on input line 376.
Package textcomp Info: Setting txss sub-encoding to TS1/0 on input line 377.
Package textcomp Info: Setting txtt sub-encoding to TS1/0 on input line 378.
Package textcomp Info: Setting lmr sub-encoding to TS1/0 on input line 379.
Package textcomp Info: Setting lmdh sub-encoding to TS1/0 on input line 380.
Package textcomp Info: Setting lmss sub-encoding to TS1/0 on input line 381.
Package textcomp Info: Setting lmssq sub-encoding to TS1/0 on input line 382.
Package textcomp Info: Setting lmvtt sub-encoding to TS1/0 on input line 383.
Package textcomp Info: Setting lmtt sub-encoding to TS1/0 on input line 384.
Package textcomp Info: Setting qhv sub-encoding to TS1/0 on input line 385.
Package textcomp Info: Setting qag sub-encoding to TS1/0 on input line 386.
Package textcomp Info: Setting qbk sub-encoding to TS1/0 on input line 387.
Package textcomp Info: Setting qcr sub-encoding to TS1/0 on input line 388.
Package textcomp Info: Setting qcs sub-encoding to TS1/0 on input line 389.
Package textcomp Info: Setting qpl sub-encoding to TS1/0 on input line 390.
Package textcomp Info: Setting qtm sub-encoding to TS1/0 on input line 391.
Package textcomp Info: Setting qzc sub-encoding to TS1/0 on input line 392.
Package textcomp Info: Setting qhvc sub-encoding to TS1/0 on input line 393.
Package textcomp Info: Setting futs sub-encoding to TS1/4 on input line 394.
Package textcomp Info: Setting futx sub-encoding to TS1/4 on input line 395.
Package textcomp Info: Setting futj sub-encoding to TS1/4 on input line 396.
Package textcomp Info: Setting hlh sub-encoding to TS1/3 on input line 397.
Package textcomp Info: Setting hls sub-encoding to TS1/3 on input line 398.
Package textcomp Info: Setting hlst sub-encoding to TS1/3 on input line 399.
Package textcomp Info: Setting hlct sub-encoding to TS1/5 on input line 400.
Package textcomp Info: Setting hlx sub-encoding to TS1/5 on input line 401.
Package textcomp Info: Setting hlce sub-encoding to TS1/5 on input line 402.
Package textcomp Info: Setting hlcn sub-encoding to TS1/5 on input line 403.
Package textcomp Info: Setting hlcw sub-encoding to TS1/5 on input line 404.
Package textcomp Info: Setting hlcf sub-encoding to TS1/5 on input line 405.
Package textcomp Info: Setting pplx sub-encoding to TS1/3 on input line 406.
Package textcomp Info: Setting pplj sub-encoding to TS1/3 on input line 407.
Package textcomp Info: Setting ptmx sub-encoding to TS1/4 on input line 408.
Package textcomp Info: Setting ptmj sub-encoding to TS1/4 on input line 409.
))
(c:/Users/Henry/AppData/Roaming/TinyTeX/texmf-dist/tex/latex/hyperref/hyperref.
sty
Package: hyperref 2018/11/30 v6.88e Hypertext links for LaTeX

(c:/Users/Henry/AppData/Roaming/TinyTeX/texmf-dist/tex/generic/oberdiek/hobsub-
hyperref.sty
Package: hobsub-hyperref 2016/05/16 v1.14 Bundle oberdiek, subset hyperref (HO)


(c:/Users/Henry/AppData/Roaming/TinyTeX/texmf-dist/tex/generic/oberdiek/hobsub-
generic.sty
Package: hobsub-generic 2016/05/16 v1.14 Bundle oberdiek, subset generic (HO)
Package: hobsub 2016/05/16 v1.14 Construct package bundles (HO)
Package: infwarerr 2016/05/16 v1.4 Providing info/warning/error messages (HO)
Package: ltxcmds 2016/05/16 v1.23 LaTeX kernel commands for general use (HO)
Package hobsub Info: Skipping package `ifluatex' (already loaded).
Package: ifvtex 2016/05/16 v1.6 Detect VTeX and its facilities (HO)
Package ifvtex Info: VTeX not detected.
Package: intcalc 2016/05/16 v1.2 Expandable calculations with integers (HO)
Package: ifpdf 2018/09/07 v3.3 Provides the ifpdf switch
Package: etexcmds 2016/05/16 v1.6 Avoid name clashes with e-TeX commands (HO)
Package: kvsetkeys 2016/05/16 v1.17 Key value parser (HO)
Package: kvdefinekeys 2016/05/16 v1.4 Define keys (HO)
Package: pdftexcmds 2018/09/10 v0.29 Utility functions of pdfTeX for LuaTeX (HO
)
Package pdftexcmds Info: LuaTeX not detected.
Package pdftexcmds Info: pdfTeX >= 1.30 not detected.
Package pdftexcmds Info: \pdf@primitive is available.
Package pdftexcmds Info: \pdf@ifprimitive is available.
Package pdftexcmds Info: \pdfdraftmode not found.
Package: pdfescape 2016/05/16 v1.14 Implements pdfTeX's escape features (HO)
Package: bigintcalc 2016/05/16 v1.4 Expandable calculations on big integers (HO
)
Package: bitset 2016/05/16 v1.2 Handle bit-vector datatype (HO)
Package: uniquecounter 2016/05/16 v1.3 Provide unlimited unique counter (HO)
)
Package hobsub Info: Skipping package `hobsub' (already loaded).
Package: letltxmacro 2016/05/16 v1.5 Let assignment for LaTeX macros (HO)
Package: hopatch 2016/05/16 v1.3 Wrapper for package hooks (HO)
Package: xcolor-patch 2016/05/16 xcolor patch
Package: atveryend 2016/05/16 v1.9 Hooks at the very end of document (HO)
Package: atbegshi 2016/06/09 v1.18 At begin shipout hook (HO)
Package: refcount 2016/05/16 v3.5 Data extraction from label references (HO)
Package: hycolor 2016/05/16 v1.8 Color options for hyperref/bookmark (HO)
)
(c:/Users/Henry/AppData/Roaming/TinyTeX/texmf-dist/tex/latex/oberdiek/auxhook.s
ty
Package: auxhook 2016/05/16 v1.4 Hooks for auxiliary files (HO)
)
(c:/Users/Henry/AppData/Roaming/TinyTeX/texmf-dist/tex/latex/oberdiek/kvoptions
.sty
Package: kvoptions 2016/05/16 v3.12 Key value format for package options (HO)
)
\@linkdim=\dimen147
\Hy@linkcounter=\count273
\Hy@pagecounter=\count274

(c:/Users/Henry/AppData/Roaming/TinyTeX/texmf-dist/tex/latex/hyperref/pd1enc.de
f
File: pd1enc.def 2018/11/30 v6.88e Hyperref: PDFDocEncoding definition (HO)
)
\Hy@SavedSpaceFactor=\count275

(c:/Users/Henry/AppData/Roaming/TinyTeX/texmf-dist/tex/latex/latexconfig/hyperr
ef.cfg
File: hyperref.cfg 2002/06/06 v1.2 hyperref configuration of TeXLive
)
Package hyperref Info: Hyper figures OFF on input line 4519.
Package hyperref Info: Link nesting OFF on input line 4524.
Package hyperref Info: Hyper index ON on input line 4527.
Package hyperref Info: Plain pages OFF on input line 4534.
Package hyperref Info: Backreferencing OFF on input line 4539.
Package hyperref Info: Implicit mode ON; LaTeX internals redefined.
Package hyperref Info: Bookmarks ON on input line 4772.
\c@Hy@tempcnt=\count276
(c:/Users/Henry/AppData/Roaming/TinyTeX/texmf-dist/tex/latex/url/url.sty
\Urlmuskip=\muskip17
Package: url 2013/09/16  ver 3.4  Verb mode for urls, etc.
)
LaTeX Info: Redefining \url on input line 5125.
\XeTeXLinkMargin=\dimen148
\Fld@menulength=\count277
\Field@Width=\dimen149
\Fld@charsize=\dimen150
Package hyperref Info: Hyper figures OFF on input line 6380.
Package hyperref Info: Link nesting OFF on input line 6385.
Package hyperref Info: Hyper index ON on input line 6388.
Package hyperref Info: backreferencing OFF on input line 6395.
Package hyperref Info: Link coloring OFF on input line 6400.
Package hyperref Info: Link coloring with OCG OFF on input line 6405.
Package hyperref Info: PDF/A mode OFF on input line 6410.
LaTeX Info: Redefining \ref on input line 6450.
LaTeX Info: Redefining \pageref on input line 6454.
\Hy@abspage=\count278
\c@Item=\count279
\c@Hfootnote=\count280
)
Package hyperref Info: Driver (autodetected): hxetex.

(c:/Users/Henry/AppData/Roaming/TinyTeX/texmf-dist/tex/latex/hyperref/hxetex.de
f
File: hxetex.def 2018/11/30 v6.88e Hyperref driver for XeTeX

(c:/Users/Henry/AppData/Roaming/TinyTeX/texmf-dist/tex/latex/hyperref/puenc.def
File: puenc.def 2018/11/30 v6.88e Hyperref: PDF Unicode definition (HO)
)
(c:/Users/Henry/AppData/Roaming/TinyTeX/texmf-dist/tex/generic/oberdiek/stringe
nc.sty
Package: stringenc 2016/05/16 v1.11 Convert strings between diff. encodings (HO
)
)
\pdfm@box=\box48
\c@Hy@AnnotLevel=\count281
\HyField@AnnotCount=\count282
\Fld@listcount=\count283
\c@bookmark@seq@number=\count284

(c:/Users/Henry/AppData/Roaming/TinyTeX/texmf-dist/tex/latex/oberdiek/rerunfile
check.sty
Package: rerunfilecheck 2016/05/16 v1.8 Rerun checks for auxiliary files (HO)
Package uniquecounter Info: New unique counter `rerunfilecheck' on input line 2
82.
)
\Hy@SectionHShift=\skip52
)
Package hyperref Info: Option `unicode' set `true' on input line 29.

(c:/Users/Henry/AppData/Roaming/TinyTeX/texmf-dist/tex/generic/oberdiek/se-asci
i-print.def
File: se-ascii-print.def 2016/05/16 v1.11 stringenc: Printable ASCII characters

)
Package hyperref Info: Option `breaklinks' set `true' on input line 29.
(c:/Users/Henry/AppData/Roaming/TinyTeX/texmf-dist/tex/latex/natbib/natbib.sty
Package: natbib 2010/09/13 8.31b (PWD, AO)
\bibhang=\skip53
\bibsep=\skip54
LaTeX Info: Redefining \cite on input line 694.
\c@NAT@ctr=\count285
)
(c:/Users/Henry/AppData/Roaming/TinyTeX/texmf-dist/tex/latex/graphics/color.sty
Package: color 2016/07/10 v1.1e Standard LaTeX Color (DPC)

(c:/Users/Henry/AppData/Roaming/TinyTeX/texmf-dist/tex/latex/graphics-cfg/color
.cfg
File: color.cfg 2016/01/02 v1.6 sample color configuration
)
Package color Info: Driver file: xetex.def on input line 147.

(c:/Users/Henry/AppData/Roaming/TinyTeX/texmf-dist/tex/latex/graphics-def/xetex
.def
File: xetex.def 2017/06/24 v5.0h Graphics/color driver for xetex
))
(c:/Users/Henry/AppData/Roaming/TinyTeX/texmf-dist/tex/latex/fancyvrb/fancyvrb.
sty
Package: fancyvrb 2019/01/15
Style option: `fancyvrb' v3.2a <2019/01/15> (tvz)
\FV@CodeLineNo=\count286
\FV@InFile=\read2
\FV@TabBox=\box49
\c@FancyVerbLine=\count287
\FV@StepNumber=\count288
\FV@OutFile=\write3
) (c:/Users/Henry/AppData/Roaming/TinyTeX/texmf-dist/tex/latex/framed/framed.st
y
Package: framed 2011/10/22 v 0.96: framed or shaded text with page breaks
\OuterFrameSep=\skip55
\fb@frw=\dimen151
\fb@frh=\dimen152
\FrameRule=\dimen153
\FrameSep=\dimen154
)
(c:/Users/Henry/AppData/Roaming/TinyTeX/texmf-dist/tex/latex/tools/longtable.st
y
Package: longtable 2014/10/28 v4.11 Multi-page Table package (DPC)+ FMi change
\LTleft=\skip56
\LTright=\skip57
\LTpre=\skip58
\LTpost=\skip59
\LTchunksize=\count289
\LTcapwidth=\dimen155
\LT@head=\box50
\LT@firsthead=\box51
\LT@foot=\box52
\LT@lastfoot=\box53
\LT@cols=\count290
\LT@rows=\count291
\c@LT@tables=\count292
\c@LT@chunks=\count293
\LT@p@ftn=\toks22
)
(c:/Users/Henry/AppData/Roaming/TinyTeX/texmf-dist/tex/latex/booktabs/booktabs.
sty
Package: booktabs 2016/04/27 v1.618033 publication quality tables
\heavyrulewidth=\dimen156
\lightrulewidth=\dimen157
\cmidrulewidth=\dimen158
\belowrulesep=\dimen159
\belowbottomsep=\dimen160
\aboverulesep=\dimen161
\abovetopsep=\dimen162
\cmidrulesep=\dimen163
\cmidrulekern=\dimen164
\defaultaddspace=\dimen165
\@cmidla=\count294
\@cmidlb=\count295
\@aboverulesep=\dimen166
\@belowrulesep=\dimen167
\@thisruleclass=\count296
\@lastruleclass=\count297
\@thisrulewidth=\dimen168
)
(c:/Users/Henry/AppData/Roaming/TinyTeX/texmf-dist/tex/latex/graphics/graphicx.
sty
Package: graphicx 2017/06/01 v1.1a Enhanced LaTeX Graphics (DPC,SPQR)

(c:/Users/Henry/AppData/Roaming/TinyTeX/texmf-dist/tex/latex/graphics/graphics.
sty
Package: graphics 2017/06/25 v1.2c Standard LaTeX Graphics (DPC,SPQR)
(c:/Users/Henry/AppData/Roaming/TinyTeX/texmf-dist/tex/latex/graphics/trig.sty
Package: trig 2016/01/03 v1.10 sin cos tan (DPC)
)
(c:/Users/Henry/AppData/Roaming/TinyTeX/texmf-dist/tex/latex/graphics-cfg/graph
ics.cfg
File: graphics.cfg 2016/06/04 v1.11 sample graphics configuration
)
Package graphics Info: Driver file: xetex.def on input line 99.
)
\Gin@req@height=\dimen169
\Gin@req@width=\dimen170
)
(c:/Users/Henry/AppData/Roaming/TinyTeX/texmf-dist/tex/latex/oberdiek/grffile.s
ty
Package: grffile 2017/06/30 v1.18 Extended file name support for graphics (HO)
Package grffile Info: Option `multidot' is set to `true'.
Package grffile Info: Option `extendedchars' is set to `false'.
Package grffile Info: Option `space' is set to `true'.
Package grffile Info: \Gin@ii of package `graphicx' fixed on input line 494.
)
(c:/Users/Henry/AppData/Roaming/TinyTeX/texmf-dist/tex/latex/titling/titling.st
y
Package: titling 2009/09/04 v2.1d maketitle typesetting
\thanksmarkwidth=\skip60
\thanksmargin=\skip61
\droptitle=\skip62
) (c:/Users/Henry/AppData/Roaming/TinyTeX/texmf-dist/tex/latex/cjk-ko/kotex.sty
Package: kotex 2015/04/19 v1.6 Korean TeX (ko.TeX)

(c:/Users/Henry/AppData/Roaming/TinyTeX/texmf-dist/tex/xetex/xetexko/xetexko.st
y
Package: xetexko 2018/04/19 v2.19 Typesetting Korean with XeTeX

(c:/Users/Henry/AppData/Roaming/TinyTeX/texmf-dist/tex/xetex/xetexko/xetexko-sp
ace.sty
Package: xetexko-space 2018/04/19 v2.19 Spacings and fonts for XeTeX-ko
\XeTeXcharclassID=\XeTeXcharclass1
\XeTeXcharclassOP=\XeTeXcharclass2
\XeTeXcharclassCL=\XeTeXcharclass3

(c:/Users/Henry/AppData/Roaming/TinyTeX/texmf-dist/tex/generic/unicode-data/loa
d-unicode-xetex-classes.tex 
load-unicode-xetex-classes.tex v1.8 (2019-03-09)
Reading Unicode east Asian character class data
# LineBreak-12.0.0.txt 
# Date: 2019-01-21, 14:17:37 GMT [KW, LI] 
# EastAsianWidth-12.0.0.txt 
# Date: 2019-01-21, 14:12:58 GMT [KW, LI] 
)
\XKsmallkana=\XeTeXcharclass4
\XKcjkcolon=\XeTeXcharclass5
\XKcjkfullstop=\XeTeXcharclass6
\XKcjkliaison=\XeTeXcharclass7
\XKcjkextrastop=\XeTeXcharclass8
\XKcjksymbol=\XeTeXcharclass9
\XKhangulsyllable=\XeTeXcharclass10
\XKhanguljungjong=\XeTeXcharclass11
\XKlatinopening=\XeTeXcharclass12
\XKlatinclosing=\XeTeXcharclass13
\XKopeningquote=\XeTeXcharclass14
\XKclosingquote=\XeTeXcharclass15
\XKlatinfullstop=\XeTeXcharclass16
\XKlatinquestion=\XeTeXcharclass17
\XKlatinexclamation=\XeTeXcharclass18
\XKlatinhyphen=\XeTeXcharclass19
\XKlatincomma=\XeTeXcharclass20
\XKlatincolon=\XeTeXcharclass21
\XKlatinnumber=\XeTeXcharclass22
\XKhanjacombining=\XeTeXcharclass23
\XK@toks@=\toks23
\XKdotemphbox=\box54
)
(c:/Users/Henry/AppData/Roaming/TinyTeX/texmf-dist/tex/xetex/xetexko/xetexko-jo
sa.sty
Package: xetexko-josa 2018/04/06 v2.18 Auto-josa for XeTeX-ko
\@josa=\count298
)
(c:/Users/Henry/AppData/Roaming/TinyTeX/texmf-dist/tex/xetex/xetexko/xetexko-fo
nt.sty
Package: xetexko-font 2018/08/08 v2.21 LaTeX Font commands for XeTeX-ko
)
(c:/Users/Henry/AppData/Roaming/TinyTeX/texmf-dist/tex/xetex/xetexko/xetexko-ve
rtical.sty
Package: xetexko-vertical 2018/04/06 v2.18 Vertical environment for XeTeX-ko
\verticalem=\dimen171
)
(c:/Users/Henry/AppData/Roaming/TinyTeX/texmf-dist/tex/latex/cjk-ko/kolabels-ut
f.sty
Package: kolabels-utf 2015/03/20 v1.5 UTF-8 Hangul item labels
))) (c:/Users/Henry/AppData/Roaming/TinyTeX/texmf-dist/tex/latex/amscls/amsthm.
sty
Package: amsthm 2017/10/31 v2.20.4
\thm@style=\toks24
\thm@bodyfont=\toks25
\thm@headfont=\toks26
\thm@notefont=\toks27
\thm@headpunct=\toks28
\thm@preskip=\skip63
\thm@postskip=\skip64
\thm@headsep=\skip65
\dth@everypar=\toks29
) (c:/Users/Henry/AppData/Roaming/TinyTeX/texmf-dist/tex/latex/float/float.sty
Package: float 2001/11/08 v1.3d Float enhancements (AL)
\c@float@type=\count299
\float@exts=\toks30
\float@box=\box55
\@float@everytoks=\toks31
\@floatcapt=\box56
)
(c:/Users/Henry/AppData/Roaming/TinyTeX/texmf-dist/tex/latex/geometry/geometry.
sty
Package: geometry 2018/04/16 v5.8 Page Geometry
\Gm@cnth=\count300
\Gm@cntv=\count301
\c@Gm@tempcnt=\count302
\Gm@bindingoffset=\dimen172
\Gm@wd@mp=\dimen173
\Gm@odd@mp=\dimen174
\Gm@even@mp=\dimen175
\Gm@layoutwidth=\dimen176
\Gm@layoutheight=\dimen177
\Gm@layouthoffset=\dimen178
\Gm@layoutvoffset=\dimen179
\Gm@dimlist=\toks32
)
(c:/Users/Henry/AppData/Roaming/TinyTeX/texmf-dist/tex/latex/fncychap/fncychap.
sty
Package: fncychap 2007/07/30 v1.34 LaTeX package (Revised chapters)
\RW=\skip66
\mylen=\skip67
\myhi=\skip68
\px=\skip69
\py=\skip70
\pyy=\skip71
\pxx=\skip72
) (c:/Users/Henry/AppData/Roaming/TinyTeX/texmf-dist/tex/latex/tools/array.sty
Package: array 2018/12/30 v2.4k Tabular extension package (FMi)
\col@sep=\dimen180
\ar@mcellbox=\box57
\extrarowheight=\dimen181
\NC@list=\toks33
\extratabsurround=\skip73
\backup@length=\skip74
\ar@cellbox=\box58
)
(c:/Users/Henry/AppData/Roaming/TinyTeX/texmf-dist/tex/latex/multirow/multirow.
sty
Package: multirow 2019/05/31 v2.5 Span multiple rows of a table
\multirow@colwidth=\skip75
\multirow@cntb=\count303
\multirow@dima=\skip76
\bigstrutjot=\dimen182
)
(c:/Users/Henry/AppData/Roaming/TinyTeX/texmf-dist/tex/latex/wrapfig/wrapfig.st
y
\wrapoverhang=\dimen183
\WF@size=\dimen184
\c@WF@wrappedlines=\count304
\WF@box=\box59
\WF@everypar=\toks34
Package: wrapfig 2003/01/31  v 3.6
)
(c:/Users/Henry/AppData/Roaming/TinyTeX/texmf-dist/tex/latex/colortbl/colortbl.
sty
Package: colortbl 2018/12/12 v1.0d Color table columns (DPC)
\everycr=\toks35
\minrowclearance=\skip77
)
(c:/Users/Henry/AppData/Roaming/TinyTeX/texmf-dist/tex/latex/oberdiek/pdflscape
.sty
Package: pdflscape 2016/05/14 v0.11 Display of landscape pages in PDF (HO)

(c:/Users/Henry/AppData/Roaming/TinyTeX/texmf-dist/tex/latex/graphics/lscape.st
y
Package: lscape 2000/10/22 v3.01 Landscape Pages (DPC)
)
Package pdflscape Info: Auto-detected driver: dvipdfm (xetex) on input line 99.

) (c:/Users/Henry/AppData/Roaming/TinyTeX/texmf-dist/tex/latex/tabu/tabu.sty
Package: tabu 2019/01/11 v2.9 - flexible LaTeX tabulars (FC+tabu-fixed)

(c:/Users/Henry/AppData/Roaming/TinyTeX/texmf-dist/tex/latex/varwidth/varwidth.
sty
Package: varwidth 2009/03/30 ver 0.92;  Variable-width minipages
\@vwid@box=\box60
\sift@deathcycles=\count305
\@vwid@loff=\dimen185
\@vwid@roff=\dimen186
)
\c@taburow=\count306
\tabu@nbcols=\count307
\tabu@cnt=\count308
\tabu@Xcol=\count309
\tabu@alloc=\count310
\tabu@nested=\count311
\tabu@target=\dimen187
\tabu@spreadtarget=\dimen188
\tabu@naturalX=\dimen189
\tabucolX=\dimen190
\tabu@Xsum=\dimen191
\extrarowdepth=\dimen192
\abovetabulinesep=\dimen193
\belowtabulinesep=\dimen194
\tabustrutrule=\dimen195
\tabu@thebody=\toks36
\tabu@footnotes=\toks37
\tabu@box=\box61
\tabu@arstrutbox=\box62
\tabu@hleads=\box63
\tabu@vleads=\box64
\tabu@cellskip=\skip78
)
(c:/Users/Henry/AppData/Roaming/TinyTeX/texmf-dist/tex/latex/threeparttable/thr
eeparttable.sty
Package: threeparttable 2003/06/13  v 3.0
\@tempboxb=\box65
)
(c:/Users/Henry/AppData/Roaming/TinyTeX/texmf-dist/tex/latex/threeparttablex/th
reeparttablex.sty
Package: threeparttablex 2013/07/23 v0.3 by daleif

(c:/Users/Henry/AppData/Roaming/TinyTeX/texmf-dist/tex/latex/environ/environ.st
y
Package: environ 2014/05/04 v0.3 A new way to define environments

(c:/Users/Henry/AppData/Roaming/TinyTeX/texmf-dist/tex/latex/trimspaces/trimspa
ces.sty
Package: trimspaces 2009/09/17 v1.1 Trim spaces around a token list
))
\TPTL@width=\skip79
) (c:/Users/Henry/AppData/Roaming/TinyTeX/texmf-dist/tex/generic/ulem/ulem.sty
\UL@box=\box66
\UL@hyphenbox=\box67
\UL@skip=\skip80
\UL@hook=\toks38
\UL@height=\dimen196
\UL@pe=\count312
\UL@pixel=\dimen197
\ULC@box=\box68
Package: ulem 2012/05/18
\ULdepth=\dimen198
)
(c:/Users/Henry/AppData/Roaming/TinyTeX/texmf-dist/tex/latex/makecell/makecell.
sty
Package: makecell 2009/08/03 V0.1e Managing of Tab Column Heads and Cells
\rotheadsize=\dimen199
\c@nlinenum=\count313
\TeXr@lab=\toks39
) (c:/Users/Henry/AppData/Roaming/TinyTeX/texmf-dist/tex/latex/xcolor/xcolor.st
y
Package: xcolor 2016/05/11 v2.12 LaTeX color extensions (UK)

(c:/Users/Henry/AppData/Roaming/TinyTeX/texmf-dist/tex/latex/graphics-cfg/color
.cfg
File: color.cfg 2016/01/02 v1.6 sample color configuration
)
Package xcolor Info: Driver file: xetex.def on input line 225.
LaTeX Info: Redefining \color on input line 709.
Package xcolor Info: Model `cmy' substituted by `cmy0' on input line 1348.
Package xcolor Info: Model `RGB' extended on input line 1364.
Package xcolor Info: Model `HTML' substituted by `rgb' on input line 1366.
Package xcolor Info: Model `Hsb' substituted by `hsb' on input line 1367.
Package xcolor Info: Model `tHsb' substituted by `hsb' on input line 1368.
Package xcolor Info: Model `HSB' substituted by `hsb' on input line 1369.
Package xcolor Info: Model `Gray' substituted by `gray' on input line 1370.
Package xcolor Info: Model `wave' substituted by `hsb' on input line 1371.
) (./_main.aux

LaTeX Warning: Label `fig:unnamed-chunk-2' multiply defined.


LaTeX Warning: Label `fig:unnamed-chunk-2' multiply defined.


LaTeX Warning: Label `fig:unnamed-chunk-3' multiply defined.


LaTeX Warning: Label `fig:unnamed-chunk-2' multiply defined.


LaTeX Warning: Label `fig:unnamed-chunk-3' multiply defined.


LaTeX Warning: Label `fig:unnamed-chunk-4' multiply defined.


LaTeX Warning: Label `fig:unnamed-chunk-5' multiply defined.


LaTeX Warning: Label `fig:unnamed-chunk-6' multiply defined.


LaTeX Warning: Label `fig:unnamed-chunk-12' multiply defined.


LaTeX Warning: Label `fig:unnamed-chunk-18' multiply defined.


LaTeX Warning: Label `fig:unnamed-chunk-20' multiply defined.


LaTeX Warning: Label `fig:unnamed-chunk-2' multiply defined.


LaTeX Warning: Label `fig:unnamed-chunk-3' multiply defined.


LaTeX Warning: Label `fig:unnamed-chunk-8' multiply defined.


LaTeX Warning: Label `fig:unnamed-chunk-20' multiply defined.

)
\openout1 = `_main.aux'.

LaTeX Font Info:    Checking defaults for OML/cmm/m/it on input line 156.
LaTeX Font Info:    ... okay on input line 156.
LaTeX Font Info:    Checking defaults for T1/cmr/m/n on input line 156.
LaTeX Font Info:    ... okay on input line 156.
LaTeX Font Info:    Checking defaults for OT1/cmr/m/n on input line 156.
LaTeX Font Info:    ... okay on input line 156.
LaTeX Font Info:    Checking defaults for OMS/cmsy/m/n on input line 156.
LaTeX Font Info:    ... okay on input line 156.
LaTeX Font Info:    Checking defaults for TU/lmr/m/n on input line 156.
LaTeX Font Info:    ... okay on input line 156.
LaTeX Font Info:    Checking defaults for OMX/cmex/m/n on input line 156.
LaTeX Font Info:    ... okay on input line 156.
LaTeX Font Info:    Checking defaults for U/cmr/m/n on input line 156.
LaTeX Font Info:    ... okay on input line 156.
LaTeX Font Info:    Checking defaults for TS1/cmr/m/n on input line 156.
LaTeX Font Info:    Try loading font information for TS1+cmr on input line 156.

(c:/Users/Henry/AppData/Roaming/TinyTeX/texmf-dist/tex/latex/base/ts1cmr.fd
File: ts1cmr.fd 2014/09/29 v2.5h Standard LaTeX font definitions
)
LaTeX Font Info:    ... okay on input line 156.
LaTeX Font Info:    Checking defaults for PD1/pdf/m/n on input line 156.
LaTeX Font Info:    ... okay on input line 156.
LaTeX Font Info:    Checking defaults for PU/pdf/m/n on input line 156.
LaTeX Font Info:    ... okay on input line 156.
\AtBeginShipoutBox=\box69
Package hyperref Info: Link coloring OFF on input line 156.

(c:/Users/Henry/AppData/Roaming/TinyTeX/texmf-dist/tex/latex/hyperref/nameref.s
ty
Package: nameref 2016/05/21 v2.44 Cross-referencing by name of section

(c:/Users/Henry/AppData/Roaming/TinyTeX/texmf-dist/tex/generic/oberdiek/gettitl
estring.sty
Package: gettitlestring 2016/05/16 v1.5 Cleanup title references (HO)
)
\c@section@level=\count314
)
LaTeX Info: Redefining \ref on input line 156.
LaTeX Info: Redefining \pageref on input line 156.
LaTeX Info: Redefining \nameref on input line 156.
(./_main.out) (./_main.out)
\@outlinefile=\write4
\openout4 = `_main.out'.


Package fontspec Info: Batang scale = 0.9025434560327198.


Package fontspec Info: Could not resolve font "Batang/I" (it probably doesn't
(fontspec)             exist).


Package fontspec Info: Could not resolve font "Batang/BI" (it probably doesn't
(fontspec)             exist).


Package fontspec Info: Could not resolve font "Batang/I" (it probably doesn't
(fontspec)             exist).


Package fontspec Info: Batang scale = 0.9025434560327198.


Package fontspec Info: Batang scale = 0.9025434560327198.


Package fontspec Info: Font family 'Batang(0)' created for font 'Batang' with
(fontspec)             options
(fontspec)             [Ligatures=TeX,Scale=MatchLowercase,Ligatures=TeX,AutoFa
keBold].
(fontspec)              
(fontspec)              This font family consists of the following NFSS
(fontspec)             series/shapes:
(fontspec)              
(fontspec)             - 'normal' (m/n) with NFSS spec.:
(fontspec)             <->s*[0.9025434560327198]"Batang/OT:mapping=tex-text;"
(fontspec)             - 'small caps'  (m/sc) with NFSS spec.: 
(fontspec)             - 'bold' (bx/n) with NFSS spec.:
(fontspec)             <->s*[0.9025434560327198]"Batang/OT:embolden=1.5;mapping
=tex-text;"
(fontspec)             - 'bold small caps'  (bx/sc) with NFSS spec.: 

LaTeX Font Info:    Font shape `TU/Batang(0)/m/n' will be
(Font)              scaled to size 9.02542pt on input line 156.

Package fontspec Info: Dotum scale = 0.8311558380414313.


Package fontspec Info: Could not resolve font "Dotum/I" (it probably doesn't
(fontspec)             exist).


Package fontspec Info: Could not resolve font "Dotum/BI" (it probably doesn't
(fontspec)             exist).


Package fontspec Info: Could not resolve font "Dotum/I" (it probably doesn't
(fontspec)             exist).


Package fontspec Info: Dotum scale = 0.8311558380414313.


Package fontspec Info: Dotum scale = 0.8311558380414313.


Package fontspec Info: Font family 'Dotum(0)' created for font 'Dotum' with
(fontspec)             options
(fontspec)             [Ligatures=TeX,Scale=MatchLowercase,Ligatures=TeX,AutoFa
keBold].
(fontspec)              
(fontspec)              This font family consists of the following NFSS
(fontspec)             series/shapes:
(fontspec)              
(fontspec)             - 'normal' (m/n) with NFSS spec.:
(fontspec)             <->s*[0.8311558380414313]"Dotum/OT:mapping=tex-text;"
(fontspec)             - 'small caps'  (m/sc) with NFSS spec.: 
(fontspec)             - 'bold' (bx/n) with NFSS spec.:
(fontspec)             <->s*[0.8311558380414313]"Dotum/OT:embolden=1.5;mapping=
tex-text;"
(fontspec)             - 'bold small caps'  (bx/sc) with NFSS spec.: 

LaTeX Font Info:    Font shape `TU/Dotum(0)/m/n' will be
(Font)              scaled to size 8.31161pt on input line 156.
\symmathhangul=\mathgroup6
LaTeX Font Info:    Overwriting symbol font `mathhangul' in version `bold'
(Font)                  TU/Batang(0)/m/n --> TU/Batang(0)/bx/n on input line 15
6.
*geometry* driver: auto-detecting
*geometry* detected driver: xetex
*geometry* verbose mode - [ preamble ] result:
* driver: xetex
* paper: custom
* layout: <same size as paper>
* layoutoffset:(h,v)=(0.0pt,0.0pt)
* modes: twoside 
* h-part:(L,W,R)=(56.9055pt, 384.85155pt, 56.9055pt)
* v-part:(T,H,B)=(56.9055pt, 594.43521pt, 56.9055pt)
* \paperwidth=498.66255pt
* \paperheight=708.24622pt
* \textwidth=384.85155pt
* \textheight=594.43521pt
* \oddsidemargin=-15.36449pt
* \evensidemargin=-15.36449pt
* \topmargin=-45.43198pt
* \headheight=12.0pt
* \headsep=18.06749pt
* \topskip=10.0pt
* \footskip=25.29494pt
* \marginparwidth=125.0pt
* \marginparsep=7.0pt
* \columnsep=10.0pt
* \skip\footins=9.0pt plus 4.0pt minus 2.0pt
* \hoffset=0.0pt
* \voffset=0.0pt
* \mag=1000
* \@twocolumnfalse
* \@twosidetrue
* \@mparswitchtrue
* \@reversemarginfalse
* (1in=72.27pt=25.4mm, 1cm=28.453pt)

LaTeX Font Info:    Font shape `TU/Batang(0)/m/n' will be
(Font)              scaled to size 18.71872pt on input line 157.

LaTeX Font Warning: Font shape `TU/Batang(0)/m/it' undefined
(Font)              using `TU/Batang(0)/m/n' instead on input line 157.

LaTeX Font Info:    Font shape `TU/Batang(0)/m/n' will be
(Font)              scaled to size 10.8305pt on input line 157.
[1


] [2

] (./_main.toc
LaTeX Font Info:    Font shape `TU/Batang(0)/bx/n' will be
(Font)              scaled to size 9.02542pt on input line 1.
LaTeX Font Info:    Try loading font information for OT1+lmr on input line 3.
(c:/Users/Henry/AppData/Roaming/TinyTeX/texmf-dist/tex/latex/lm/ot1lmr.fd
File: ot1lmr.fd 2009/10/30 v1.6 Font defs for Latin Modern
)
LaTeX Font Info:    Try loading font information for OML+lmm on input line 3.
(c:/Users/Henry/AppData/Roaming/TinyTeX/texmf-dist/tex/latex/lm/omllmm.fd
File: omllmm.fd 2009/10/30 v1.6 Font defs for Latin Modern
)
LaTeX Font Info:    Try loading font information for OMS+lmsy on input line 3.
(c:/Users/Henry/AppData/Roaming/TinyTeX/texmf-dist/tex/latex/lm/omslmsy.fd
File: omslmsy.fd 2009/10/30 v1.6 Font defs for Latin Modern
)
LaTeX Font Info:    Try loading font information for OMX+lmex on input line 3.
(c:/Users/Henry/AppData/Roaming/TinyTeX/texmf-dist/tex/latex/lm/omxlmex.fd
File: omxlmex.fd 2009/10/30 v1.6 Font defs for Latin Modern
)
LaTeX Font Info:    External font `lmex10' loaded for size
(Font)              <10> on input line 3.
LaTeX Font Info:    External font `lmex10' loaded for size
(Font)              <7> on input line 3.
LaTeX Font Info:    External font `lmex10' loaded for size
(Font)              <5> on input line 3.
LaTeX Font Info:    Try loading font information for U+msa on input line 3.
(c:/Users/Henry/AppData/Roaming/TinyTeX/texmf-dist/tex/latex/amsfonts/umsa.fd
File: umsa.fd 2013/01/14 v3.01 AMS symbols A
)
LaTeX Font Info:    Try loading font information for U+msb on input line 3.
(c:/Users/Henry/AppData/Roaming/TinyTeX/texmf-dist/tex/latex/amsfonts/umsb.fd
File: umsb.fd 2013/01/14 v3.01 AMS symbols B
)
LaTeX Font Info:    Font shape `TU/Batang(0)/m/n' will be
(Font)              scaled to size 6.3178pt on input line 3.
LaTeX Font Info:    Font shape `TU/Batang(0)/m/n' will be
(Font)              scaled to size 4.51271pt on input line 3.
[3])
\tf@toc=\write5
\openout5 = `_main.toc'.

[4]
LaTeX Font Info:    Font shape `TU/Dotum(0)/m/n' will be
(Font)              scaled to size 11.96872pt on input line 164.
File: images/cover.png Graphic file (type bmp)
<images/cover.png>
[5

] [6]
Chapter 1.
LaTeX Font Info:    External font `lmex10' loaded for size
(Font)              <8> on input line 193.
LaTeX Font Info:    External font `lmex10' loaded for size
(Font)              <6> on input line 193.
LaTeX Font Info:    Font shape `TU/Batang(0)/m/n' will be
(Font)              scaled to size 7.22034pt on input line 193.
LaTeX Font Info:    Font shape `TU/Batang(0)/m/n' will be
(Font)              scaled to size 5.41525pt on input line 193.
File: images/ds_flow.jpg Graphic file (type bmp)
<images/ds_flow.jpg>
[7

]
LaTeX Font Info:    Font shape `TU/Batang(0)/bx/n' will be
(Font)              scaled to size 12.9966pt on input line 211.
File: images/ClariFI_backtest.png Graphic file (type bmp)
<images/ClariFI_backtest.png>
File: images/naver_finance_table.jpg Graphic file (type bmp)
<images/naver_finance_table.jpg>

LaTeX Font Warning: Font shape `TU/Batang(0)/m/sl' undefined
(Font)              using `TU/Batang(0)/m/n' instead on input line 237.

LaTeX Font Info:    Font shape `TU/Batang(0)/m/sl' will be
(Font)              scaled to size 9.02542pt on input line 237.
[8] [9]
File: images/tiobe_index.png Graphic file (type bmp)
<images/tiobe_index.png>
File: images/cran_pkgs.png Graphic file (type bmp)
<images/cran_pkgs.png>

LaTeX Warning: `h' float specifier changed to `ht'.

[10]
Underfull \hbox (badness 1043) in paragraph at lines 296--298
[]\TU/lmtt/m/n/10 zoo\TU/Batang(0)/m/sl/10 : 해 당 패 키 지 역 시 시 계 열 데 이 터 를 다 루 는 
데 유 용 함 함 수 가 존 재 합 니 다.
 []

[11]

Package xcolor Warning: Incompatible color definition on input line 307.

LaTeX Font Info:    Font shape `TU/lmtt/bx/n' in size <10> not available
(Font)              Font shape `TU/lmtt/b/n' tried instead on input line 309.

Package xcolor Warning: Incompatible color definition on input line 319.


Package xcolor Warning: Incompatible color definition on input line 319.

[12]
Chapter 2.
LaTeX Font Info:    Font shape `TU/Batang(0)/bx/n' will be
(Font)              scaled to size 10.8305pt on input line 332.
File: images/ascii_code.jpg Graphic file (type bmp)
<images/ascii_code.jpg>

LaTeX Warning: `h' float specifier changed to `ht'.

[13

]
File: images/encoding_ratio.jpg Graphic file (type bmp)
<images/encoding_ratio.jpg>

LaTeX Warning: `h' float specifier changed to `ht'.

File: images/utf_encoding_1.jpg Graphic file (type bmp)
<images/utf_encoding_1.jpg>
[14]
File: images/utf_encoding_2.jpg Graphic file (type bmp)
<images/utf_encoding_2.jpg>
File: images/web_str.jpg Graphic file (type bmp)
<images/web_str.jpg>

LaTeX Warning: `h' float specifier changed to `ht'.

[15] [16]

Package xcolor Warning: Incompatible color definition on input line 468.


Package xcolor Warning: Incompatible color definition on input line 481.


Package xcolor Warning: Incompatible color definition on input line 481.

File: images/html_1.png Graphic file (type bmp)
<images/html_1.png>

LaTeX Warning: `h' float specifier changed to `ht'.

[17]
File: images/html_2.png Graphic file (type bmp)
<images/html_2.png>

Package xcolor Warning: Incompatible color definition on input line 513.


LaTeX Font Warning: Font shape `TU/lmtt/bx/it' in size <10> not available
(Font)              Font shape `TU/lmtt/b/sl' tried instead on input line 518.


Package xcolor Warning: Incompatible color definition on input line 528.


Package xcolor Warning: Incompatible color definition on input line 528.


Package xcolor Warning: Incompatible color definition on input line 528.

[18]

Package xcolor Warning: Incompatible color definition on input line 528.


Package xcolor Warning: Incompatible color definition on input line 528.

File: images/html_3.png Graphic file (type bmp)
<images/html_3.png>

Package xcolor Warning: Incompatible color definition on input line 544.


Package xcolor Warning: Incompatible color definition on input line 567.


Package xcolor Warning: Incompatible color definition on input line 567.


Package xcolor Warning: Incompatible color definition on input line 567.

[19]

Package xcolor Warning: Incompatible color definition on input line 567.


Package xcolor Warning: Incompatible color definition on input line 567.

File: images/html_4.png Graphic file (type bmp)
<images/html_4.png>

Package xcolor Warning: Incompatible color definition on input line 585.


Package xcolor Warning: Incompatible color definition on input line 623.


Package xcolor Warning: Incompatible color definition on input line 623.


Package xcolor Warning: Incompatible color definition on input line 623.

[20]

Package xcolor Warning: Incompatible color definition on input line 623.


Package xcolor Warning: Incompatible color definition on input line 623.

File: images/html_5.png Graphic file (type bmp)
<images/html_5.png>

Package xcolor Warning: Incompatible color definition on input line 641.

[21]

Package xcolor Warning: Incompatible color definition on input line 662.


Package xcolor Warning: Incompatible color definition on input line 662.

File: images/html_6.png Graphic file (type bmp)
<images/html_6.png>

Package xcolor Warning: Incompatible color definition on input line 680.


Package xcolor Warning: Incompatible color definition on input line 703.


Package xcolor Warning: Incompatible color definition on input line 703.


Package xcolor Warning: Incompatible color definition on input line 703.

[22]

Package xcolor Warning: Incompatible color definition on input line 703.


Package xcolor Warning: Incompatible color definition on input line 703.

File: images/html_7.png Graphic file (type bmp)
<images/html_7.png>

Package xcolor Warning: Incompatible color definition on input line 721.


Package xcolor Warning: Incompatible color definition on input line 739.


Package xcolor Warning: Incompatible color definition on input line 739.


Package xcolor Warning: Incompatible color definition on input line 739.

[23]

Package xcolor Warning: Incompatible color definition on input line 739.


Package xcolor Warning: Incompatible color definition on input line 739.

File: images/html_8.png Graphic file (type bmp)
<images/html_8.png>

Package xcolor Warning: Incompatible color definition on input line 757.


Package xcolor Warning: Incompatible color definition on input line 793.


Package xcolor Warning: Incompatible color definition on input line 793.


Package xcolor Warning: Incompatible color definition on input line 793.

[24]

Package xcolor Warning: Incompatible color definition on input line 793.


Package xcolor Warning: Incompatible color definition on input line 793.

File: images/html_9.png Graphic file (type bmp)
<images/html_9.png>

Package xcolor Warning: Incompatible color definition on input line 808.


Package xcolor Warning: Incompatible color definition on input line 831.


Package xcolor Warning: Incompatible color definition on input line 831.


Package xcolor Warning: Incompatible color definition on input line 831.

[25]

Package xcolor Warning: Incompatible color definition on input line 831.


Package xcolor Warning: Incompatible color definition on input line 831.

File: images/html_10.png Graphic file (type bmp)
<images/html_10.png>
LaTeX Font Info:    Font shape `TU/lmtt/bx/n' in size <14.4> not available
(Font)              Font shape `TU/lmtt/b/n' tried instead on input line 855.

LaTeX Warning: `!h' float specifier changed to `!ht'.


Package xcolor Warning: Incompatible color definition on input line 879.

[26]

Package xcolor Warning: Incompatible color definition on input line 884.


Package xcolor Warning: Incompatible color definition on input line 884.


Package xcolor Warning: Incompatible color definition on input line 903.


Package xcolor Warning: Incompatible color definition on input line 910.


Package xcolor Warning: Incompatible color definition on input line 910.


Package xcolor Warning: Incompatible color definition on input line 918.


Package xcolor Warning: Incompatible color definition on input line 922.


Package xcolor Warning: Incompatible color definition on input line 922.


Package xcolor Warning: Incompatible color definition on input line 930.


Package xcolor Warning: Incompatible color definition on input line 935.


Package xcolor Warning: Incompatible color definition on input line 935.

[27]

Package xcolor Warning: Incompatible color definition on input line 952.


Package xcolor Warning: Incompatible color definition on input line 964.


Package xcolor Warning: Incompatible color definition on input line 964.


Underfull \hbox (badness 2173) in paragraph at lines 966--967
[] \TU/Batang(0)/m/sl/10 먼 저 \TU/lmtt/m/n/10 expr \TU/Batang(0)/m/sl/10 는 실 행 하
 고 자 하 는 코 드 를 의 미 합 니 다. \TU/lmtt/m/n/10 warning \TU/Batang(0)/m/sl/10 은 경 고 를
 나 타 내 며,
 []


Underfull \hbox (badness 1259) in paragraph at lines 966--967
\TU/lmtt/m/n/10 warning-handler-code \TU/Batang(0)/m/sl/10 는 경 고 발 생 시 실 행 할 구 
문 을 의 미 합 니 다. 이 와 비 슷 하 게,
 []


Package xcolor Warning: Incompatible color definition on input line 968.


Package xcolor Warning: Incompatible color definition on input line 973.


Package xcolor Warning: Incompatible color definition on input line 973.


Package xcolor Warning: Incompatible color definition on input line 986.


Package xcolor Warning: Incompatible color definition on input line 992.


Package xcolor Warning: Incompatible color definition on input line 992.


Package xcolor Warning: Incompatible color definition on input line 1006.

[28]

Package xcolor Warning: Incompatible color definition on input line 1016.


Package xcolor Warning: Incompatible color definition on input line 1016.

[29] [30

]
Chapter 3.
File: images/api_api.png Graphic file (type bmp)
<images/api_api.png>
[31]
Underfull \hbox (badness 10000) in paragraph at lines 1052--1053
[][]$[][][][][] [] [] [] [][][] [] [][][][][][] [] [][][] [] [][][] [] [][] [] 
[][][][][][][][] [] [][][][] [] [][][][] [] [][][][] [] [][][] [] [][][] []
 []

File: images/api_apple_csv.png Graphic file (type bmp)
<images/api_apple_csv.png>

Package xcolor Warning: Incompatible color definition on input line 1067.


Package xcolor Warning: Incompatible color definition on input line 1075.


Package xcolor Warning: Incompatible color definition on input line 1075.

[32]

Package xcolor Warning: Incompatible color definition on input line 1115.


Package xcolor Warning: Incompatible color definition on input line 1120.


Package xcolor Warning: Incompatible color definition on input line 1120.


Package xcolor Warning: Incompatible color definition on input line 1126.


Package xcolor Warning: Incompatible color definition on input line 1130.


Package xcolor Warning: Incompatible color definition on input line 1130.

[33]

Package xcolor Warning: Incompatible color definition on input line 1153.


Package xcolor Warning: Incompatible color definition on input line 1157.


Package xcolor Warning: Incompatible color definition on input line 1157.

File: 03-api_files/figure-latex/unnamed-chunk-6-1.pdf Graphic file (type pdf)
<use 03-api_files/figure-latex/unnamed-chunk-6-1.pdf>

Package xcolor Warning: Incompatible color definition on input line 1163.


Package xcolor Warning: Incompatible color definition on input line 1169.


Package xcolor Warning: Incompatible color definition on input line 1169.

[34]

Package xcolor Warning: Incompatible color definition on input line 1192.


Package xcolor Warning: Incompatible color definition on input line 1197.


Package xcolor Warning: Incompatible color definition on input line 1197.


Package xcolor Warning: Incompatible color definition on input line 1203.


Package xcolor Warning: Incompatible color definition on input line 1207.


Package xcolor Warning: Incompatible color definition on input line 1207.


Package xcolor Warning: Incompatible color definition on input line 1226.


Package xcolor Warning: Incompatible color definition on input line 1230.


Package xcolor Warning: Incompatible color definition on input line 1230.

[35]

Package xcolor Warning: Incompatible color definition on input line 1258.


Package xcolor Warning: Incompatible color definition on input line 1262.


Package xcolor Warning: Incompatible color definition on input line 1262.


Package xcolor Warning: Incompatible color definition on input line 1268.


Package xcolor Warning: Incompatible color definition on input line 1272.


Package xcolor Warning: Incompatible color definition on input line 1272.


Package xcolor Warning: Incompatible color definition on input line 1288.


Package xcolor Warning: Incompatible color definition on input line 1292.


Package xcolor Warning: Incompatible color definition on input line 1292.


Package xcolor Warning: Incompatible color definition on input line 1308.


Package xcolor Warning: Incompatible color definition on input line 1312.


Package xcolor Warning: Incompatible color definition on input line 1312.


Package xcolor Warning: Incompatible color definition on input line 1318.

[36]

Package xcolor Warning: Incompatible color definition on input line 1322.


Package xcolor Warning: Incompatible color definition on input line 1322.


Package xcolor Warning: Incompatible color definition on input line 1339.


Package xcolor Warning: Incompatible color definition on input line 1343.


Package xcolor Warning: Incompatible color definition on input line 1343.


Package xcolor Warning: Incompatible color definition on input line 1349.


Package xcolor Warning: Incompatible color definition on input line 1353.


Package xcolor Warning: Incompatible color definition on input line 1353.

File: 03-api_files/figure-latex/unnamed-chunk-12-1.pdf Graphic file (type pdf)
<use 03-api_files/figure-latex/unnamed-chunk-12-1.pdf>
File: images/api_fred.png Graphic file (type bmp)
<images/api_fred.png>

LaTeX Warning: `h' float specifier changed to `ht'.


Package xcolor Warning: Incompatible color definition on input line 1370.

[37]

Package xcolor Warning: Incompatible color definition on input line 1374.


Package xcolor Warning: Incompatible color definition on input line 1374.


Package xcolor Warning: Incompatible color definition on input line 1380.


Package xcolor Warning: Incompatible color definition on input line 1384.


Package xcolor Warning: Incompatible color definition on input line 1384.

[38]
Chapter 4.
File: images/crawl_flow.png Graphic file (type bmp)
<images/crawl_flow.png>

LaTeX Warning: `h' float specifier changed to `ht'.

[39

]
File: images/crawl_hk.png Graphic file (type bmp)
<images/crawl_hk.png>
File: images/crawl_hk2.png Graphic file (type bmp)
<images/crawl_hk2.png>

LaTeX Warning: `h' float specifier changed to `ht'.

[40]
File: images/crawl_corp_list.png Graphic file (type bmp)
<images/crawl_corp_list.png>
[41]
File: images/crawl_corp_list_2.png Graphic file (type bmp)
<images/crawl_corp_list_2.png>
File: images/crawl_corp_list_3.png Graphic file (type bmp)
<images/crawl_corp_list_3.png>

Underfull \vbox (badness 1478) has occurred while \output is active []

[42]
File: images/crawl_naver_news.png Graphic file (type bmp)
<images/crawl_naver_news.png>

Package xcolor Warning: Incompatible color definition on input line 1517.


Package xcolor Warning: Incompatible color definition on input line 1528.


Package xcolor Warning: Incompatible color definition on input line 1528.


Package xcolor Warning: Incompatible color definition on input line 1534.


Package xcolor Warning: Incompatible color definition on input line 1543.


Package xcolor Warning: Incompatible color definition on input line 1543.

[43]

Package xcolor Warning: Incompatible color definition on input line 1562.


Package xcolor Warning: Incompatible color definition on input line 1566.


Package xcolor Warning: Incompatible color definition on input line 1566.

File: images/crawl_kind.png Graphic file (type bmp)
<images/crawl_kind.png>
[44]
File: images/crawl_kind_post.png Graphic file (type bmp)
<images/crawl_kind_post.png>

Package xcolor Warning: Incompatible color definition on input line 1620.


Package xcolor Warning: Incompatible color definition on input line 1647.


Package xcolor Warning: Incompatible color definition on input line 1647.

[45]

Package xcolor Warning: Incompatible color definition on input line 1668.


Package xcolor Warning: Incompatible color definition on input line 1672.


Package xcolor Warning: Incompatible color definition on input line 1672.


Package xcolor Warning: Incompatible color definition on input line 1700.


Package xcolor Warning: Incompatible color definition on input line 1724.


Package xcolor Warning: Incompatible color definition on input line 1724.


Package xcolor Warning: Incompatible color definition on input line 1724.

[46]

Package xcolor Warning: Incompatible color definition on input line 1724.


Package xcolor Warning: Incompatible color definition on input line 1724.


Package xcolor Warning: Incompatible color definition on input line 1726.


Package xcolor Warning: Incompatible color definition on input line 1730.


Package xcolor Warning: Incompatible color definition on input line 1730.

[47]
File: images/crawl_page_navi.png Graphic file (type bmp)
<images/crawl_page_navi.png>
File: images/crawl_page_navi2.png Graphic file (type bmp)
<images/crawl_page_navi2.png>
File: images/crawl_naver_corp.png Graphic file (type bmp)
<images/crawl_naver_corp.png>

Package xcolor Warning: Incompatible color definition on input line 1808.

[48]

Package xcolor Warning: Incompatible color definition on input line 1819.


Package xcolor Warning: Incompatible color definition on input line 1819.


Overfull \hbox (3.64845pt too wide) in paragraph at lines 1823--1823
[]\TU/lmtt/m/n/10 ## [1] "https://finance.naver.com/sise/sise_market_sum.nhn?so
sok=0&page=1"[] 
 []


Package xcolor Warning: Incompatible color definition on input line 1825.


Package xcolor Warning: Incompatible color definition on input line 1829.


Package xcolor Warning: Incompatible color definition on input line 1829.


Package xcolor Warning: Incompatible color definition on input line 1844.


Package xcolor Warning: Incompatible color definition on input line 1851.


Package xcolor Warning: Incompatible color definition on input line 1851.


Package xcolor Warning: Incompatible color definition on input line 1868.


Package xcolor Warning: Incompatible color definition on input line 1872.


Package xcolor Warning: Incompatible color definition on input line 1872.


Package xcolor Warning: Incompatible color definition on input line 1880.


Package xcolor Warning: Incompatible color definition on input line 1888.


Package xcolor Warning: Incompatible color definition on input line 1888.

[49]

Package xcolor Warning: Incompatible color definition on input line 1903.


Package xcolor Warning: Incompatible color definition on input line 1907.


Package xcolor Warning: Incompatible color definition on input line 1907.


Package xcolor Warning: Incompatible color definition on input line 1915.


LaTeX Font Warning: Font shape `TU/Dotum(0)/m/it' undefined
(Font)              using `TU/Dotum(0)/m/n' instead on input line 1917.

LaTeX Font Info:    Font shape `TU/Dotum(0)/m/it' will be
(Font)              scaled to size 8.31161pt on input line 1918.

Package xcolor Warning: Incompatible color definition on input line 1923.


Package xcolor Warning: Incompatible color definition on input line 1923.


Package xcolor Warning: Incompatible color definition on input line 1934.


Package xcolor Warning: Incompatible color definition on input line 1944.


Package xcolor Warning: Incompatible color definition on input line 1944.


Package xcolor Warning: Incompatible color definition on input line 1963.


Package xcolor Warning: Incompatible color definition on input line 1967.


Package xcolor Warning: Incompatible color definition on input line 1967.

[50]

Package xcolor Warning: Incompatible color definition on input line 1988.


Package xcolor Warning: Incompatible color definition on input line 1994.


Package xcolor Warning: Incompatible color definition on input line 1994.


Package xcolor Warning: Incompatible color definition on input line 2015.


Package xcolor Warning: Incompatible color definition on input line 2025.


Package xcolor Warning: Incompatible color definition on input line 2025.

[51]

Package xcolor Warning: Incompatible color definition on input line 2055.


Package xcolor Warning: Incompatible color definition on input line 2063.


Package xcolor Warning: Incompatible color definition on input line 2063.


Package xcolor Warning: Incompatible color definition on input line 2082.


Package xcolor Warning: Incompatible color definition on input line 2087.


Package xcolor Warning: Incompatible color definition on input line 2087.


Package xcolor Warning: Incompatible color definition on input line 2096.

[52]

Package xcolor Warning: Incompatible color definition on input line 2104.


Package xcolor Warning: Incompatible color definition on input line 2104.


Package xcolor Warning: Incompatible color definition on input line 2121.


Package xcolor Warning: Incompatible color definition on input line 2196.


Package xcolor Warning: Incompatible color definition on input line 2196.


Package xcolor Warning: Incompatible color definition on input line 2196.

[53]

Package xcolor Warning: Incompatible color definition on input line 2196.


Package xcolor Warning: Incompatible color definition on input line 2196.

[54]
Chapter 5.

Underfull \hbox (badness 10000) in paragraph at lines 2226--2228
[][]$[][][][] [] [] [] [][][][][][][][][][] [] [][][] [] [][] [] [][] [] [][][]
[][][][][] [] [][][] [] [][][][][][][][][][][] [] [][][][]$[]\TU/Batang(0)/m/sl
/10 에 원
 []

[55

]
File: images/crawl_practice_krx_sector.png Graphic file (type bmp)
<images/crawl_practice_krx_sector.png>
File: images/crawl_practice_krx_sector2.png Graphic file (type bmp)
<images/crawl_practice_krx_sector2.png>

Package xcolor Warning: Incompatible color definition on input line 2259.


Package xcolor Warning: Incompatible color definition on input line 2278.


Package xcolor Warning: Incompatible color definition on input line 2278.


Package xcolor Warning: Incompatible color definition on input line 2278.

[56]

Package xcolor Warning: Incompatible color definition on input line 2278.


Package xcolor Warning: Incompatible color definition on input line 2278.


Package xcolor Warning: Incompatible color definition on input line 2297.


Package xcolor Warning: Incompatible color definition on input line 2306.


Package xcolor Warning: Incompatible color definition on input line 2306.


Package xcolor Warning: Incompatible color definition on input line 2323.


Package xcolor Warning: Incompatible color definition on input line 2327.


Package xcolor Warning: Incompatible color definition on input line 2327.

[57]

Package xcolor Warning: Incompatible color definition on input line 2349.


Package xcolor Warning: Incompatible color definition on input line 2353.


Package xcolor Warning: Incompatible color definition on input line 2353.


Package xcolor Warning: Incompatible color definition on input line 2359.


Package xcolor Warning: Incompatible color definition on input line 2363.


Package xcolor Warning: Incompatible color definition on input line 2363.

File: images/crawl_practice_krx_ind.png Graphic file (type bmp)
<images/crawl_practice_krx_ind.png>

LaTeX Warning: `h' float specifier changed to `ht'.


Package xcolor Warning: Incompatible color definition on input line 2383.


Package xcolor Warning: Incompatible color definition on input line 2410.


Package xcolor Warning: Incompatible color definition on input line 2410.


Package xcolor Warning: Incompatible color definition on input line 2410.

[58]

Package xcolor Warning: Incompatible color definition on input line 2410.


Package xcolor Warning: Incompatible color definition on input line 2410.


Package xcolor Warning: Incompatible color definition on input line 2412.


Package xcolor Warning: Incompatible color definition on input line 2416.


Package xcolor Warning: Incompatible color definition on input line 2416.

[59]

Package xcolor Warning: Incompatible color definition on input line 2440.


Package xcolor Warning: Incompatible color definition on input line 2444.


Package xcolor Warning: Incompatible color definition on input line 2444.


Package xcolor Warning: Incompatible color definition on input line 2453.


Package xcolor Warning: Incompatible color definition on input line 2460.


Package xcolor Warning: Incompatible color definition on input line 2460.


Package xcolor Warning: Incompatible color definition on input line 2464.


Package xcolor Warning: Incompatible color definition on input line 2468.


Package xcolor Warning: Incompatible color definition on input line 2468.


Package xcolor Warning: Incompatible color definition on input line 2476.


Package xcolor Warning: Incompatible color definition on input line 2480.


Package xcolor Warning: Incompatible color definition on input line 2480.

[60]

Package xcolor Warning: Incompatible color definition on input line 2507.


Package xcolor Warning: Incompatible color definition on input line 2514.


Package xcolor Warning: Incompatible color definition on input line 2514.


Package xcolor Warning: Incompatible color definition on input line 2518.


Package xcolor Warning: Incompatible color definition on input line 2523.


Package xcolor Warning: Incompatible color definition on input line 2523.

[61]

Package xcolor Warning: Incompatible color definition on input line 2560.


Package xcolor Warning: Incompatible color definition on input line 2564.


Package xcolor Warning: Incompatible color definition on input line 2564.


Package xcolor Warning: Incompatible color definition on input line 2593.

[62]

Package xcolor Warning: Incompatible color definition on input line 2597.


Package xcolor Warning: Incompatible color definition on input line 2597.


Package xcolor Warning: Incompatible color definition on input line 2603.


Package xcolor Warning: Incompatible color definition on input line 2611.


Package xcolor Warning: Incompatible color definition on input line 2611.

[63]

Package xcolor Warning: Incompatible color definition on input line 2664.


Package xcolor Warning: Incompatible color definition on input line 2670.


Package xcolor Warning: Incompatible color definition on input line 2670.


Package xcolor Warning: Incompatible color definition on input line 2685.


Package xcolor Warning: Incompatible color definition on input line 2691.


Package xcolor Warning: Incompatible color definition on input line 2691.


Package xcolor Warning: Incompatible color definition on input line 2699.


Package xcolor Warning: Incompatible color definition on input line 2713.


Package xcolor Warning: Incompatible color definition on input line 2713.


Package xcolor Warning: Incompatible color definition on input line 2717.

[64]

Package xcolor Warning: Incompatible color definition on input line 2722.


Package xcolor Warning: Incompatible color definition on input line 2722.

File: images/crawl_practice_wics.png Graphic file (type bmp)
<images/crawl_practice_wics.png>
File: images/crawl_practice_wics2.png Graphic file (type bmp)
<images/crawl_practice_wics2.png>

LaTeX Warning: `h' float specifier changed to `ht'.

[65]
File: images/crawl_practice_wics3.png Graphic file (type bmp)
<images/crawl_practice_wics3.png>

Package xcolor Warning: Incompatible color definition on input line 2781.


Package xcolor Warning: Incompatible color definition on input line 2791.


Package xcolor Warning: Incompatible color definition on input line 2791.

[66] [67]

Package xcolor Warning: Incompatible color definition on input line 2856.


Package xcolor Warning: Incompatible color definition on input line 2877.


Package xcolor Warning: Incompatible color definition on input line 2877.


Package xcolor Warning: Incompatible color definition on input line 2881.


Package xcolor Warning: Incompatible color definition on input line 2885.


Package xcolor Warning: Incompatible color definition on input line 2885.

No file _main.bbl.
Package atveryend Info: Empty hook `BeforeClearDocument' on input line 2890.
[68]
Package atveryend Info: Empty hook `AfterLastShipout' on input line 2890.
(./_main.aux)
Package atveryend Info: Empty hook `AtVeryEndDocument' on input line 2890.
Package atveryend Info: Executing hook `AtEndAfterFileList' on input line 2890.

Package rerunfilecheck Info: File `_main.out' has not changed.
(rerunfilecheck)             Checksum: 449F0786DFA858CC8DC9CB98BA0988BA.

LaTeX Font Warning: Some font shapes were not available, defaults substituted.


LaTeX Warning: There were multiply-defined labels.

 ) 
Here is how much of TeX's memory you used:
 28374 strings out of 494894
 494209 string characters out of 6175663
 597622 words of memory out of 5000000
 31899 multiletter control sequences out of 15000+600000
 553422 words of font info for 95 fonts, out of 8000000 for 9000
 14 hyphenation exceptions out of 8191
 52i,9n,131p,802b,2559s stack positions out of 5000i,500n,10000p,200000b,80000s

Error -1073741819 (driver return code) generating output;
file _main.pdf may not be valid.
